<?xml version="1.0" encoding="UTF-8"?>
<testsuite xmlns:xsi="http://www.w3.org/2001/XMLSchema-instance" xsi:noNamespaceSchemaLocation="https://maven.apache.org/surefire/maven-surefire-plugin/xsd/surefire-test-report-3.0.xsd" version="3.0" name="com.therealworld.fitschedule.GoalsControllerTest" time="21.313" tests="2" errors="1" skipped="0" failures="0">
  <properties>
[...]
</properties>
  <testcase name="testDisplayGoalCount" classname="com.therealworld.fitschedule.GoalsControllerTest" time="17.837">
    <system-err><![CDATA[WARNING: A Java agent has been loaded dynamically (/Users/tonydo/.m2/repository/net/bytebuddy/byte-buddy-agent/1.15.0/byte-buddy-agent-1.15.0.jar)
WARNING: If a serviceability tool is in use, please run with -XX:+EnableDynamicAgentLoading to hide this warning
WARNING: If a serviceability tool is not in use, please run with -Djdk.instrument.traceUsage for more information
WARNING: Dynamic loading of agents will be disallowed by default in a future release
]]></system-err>
  </testcase>
  <testcase name="testInitialize" classname="com.therealworld.fitschedule.GoalsControllerTest" time="3.181">
    <error message="&#10;when() requires an argument which has to be &apos;a method call on a mock&apos;.&#10;For example:&#10;    when(mock.getArticles()).thenReturn(articles);&#10;&#10;Also, this error might show up because:&#10;1. you stub either of: final/private/native/equals()/hashCode() methods.&#10;   Those methods *cannot* be stubbed/verified.&#10;   Mocking methods declared on non-public parent classes is not supported.&#10;2. inside when() you don&apos;t call method on mock but on some other object.&#10;" type="org.mockito.exceptions.misusing.MissingMethodInvocationException"><![CDATA[org.mockito.exceptions.misusing.MissingMethodInvocationException: 

when() requires an argument which has to be 'a method call on a mock'.
For example:
    when(mock.getArticles()).thenReturn(articles);

Also, this error might show up because:
1. you stub either of: final/private/native/equals()/hashCode() methods.
   Those methods *cannot* be stubbed/verified.
   Mocking methods declared on non-public parent classes is not supported.
2. inside when() you don't call method on mock but on some other object.

	at com.therealworld.fitschedule@1.0-SNAPSHOT/com.therealworld.fitschedule.GoalsControllerTest.testInitialize(EditGoalsControllerTest.java:43)
	at java.base/java.lang.reflect.Method.invoke(Method.java:580)
	at java.base/java.util.ArrayList.forEach(ArrayList.java:1596)
	at java.base/java.util.ArrayList.forEach(ArrayList.java:1596)
]]></error>
    <system-out><![CDATA[Database connection established.
Fetched goal entry: ID: 1, User ID: 1, Type: Cardio, Duration: 5, Period: 10, Description: null
Fetched goal entry: ID: 2, User ID: 1, Type: Cardio, Duration: 4, Period: 4, Description: null
Fetched goal entry: ID: 3, User ID: 1, Type: Cardio, Duration: 5, Period: 3, Description: null
Fetched goal entry: ID: 4, User ID: 1, Type: Cardio, Duration: 4, Period: 34, Description: null
Fetched goal entry: ID: 5, User ID: 1, Type: Cardio, Duration: 4, Period: 0, Description: null
Fetched goal entry: ID: 6, User ID: 1, Type: Gym, Duration: 5, Period: 0, Description: null
Fetched goal entry: ID: 7, User ID: 1, Type: Crossfit, Duration: 4, Period: 4, Description: null
Fetched goal entry: ID: 8, User ID: 1, Type: ok, Duration: 6, Period: 3, Description: null
Fetched goal entry: ID: 9, User ID: 1, Type: Gym, Duration: 6, Period: 3, Description: null
Fetched goal entry: ID: 10, User ID: 1, Type: 3, Duration: 4, Period: 3, Description: null
Fetched goal entry: ID: 11, User ID: 1, Type: Gym, Duration: 4, Period: 3, Description: null
Fetched goal entry: ID: 12, User ID: 1, Type: Crossfit, Duration: 5, Period: 3, Description: null
Fetched goal entry: ID: 13, User ID: 1, Type: Cardio, Duration: 6, Period: 3, Description: null
Fetched goal entry: ID: 14, User ID: 1, Type: Gym, Duration: 5, Period: 4, Description: null
Fetched goal entry: ID: 15, User ID: 1, Type: okee, Duration: 5, Period: 34, Description: null
Fetched goal entry: ID: 16, User ID: 1, Type: 4, Duration: 4, Period: 4, Description: null
Fetched goal entry: ID: 17, User ID: 1, Type: Cardio, Duration: 5, Period: 2, Description: null
Fetched goal entry: ID: 18, User ID: 1, Type: 2, Duration: 5, Period: 2, Description: null
Fetched goal entry: ID: 19, User ID: 1, Type: 3, Duration: 5, Period: 3, Description: null
Fetched goal entry: ID: 20, User ID: 1, Type: 2, Duration: 4, Period: 3, Description: null
Fetched goal entry: ID: 21, User ID: 1, Type: Gym, Duration: 4, Period: 34, Description: null
Data loaded: 21 items.
]]></system-out>
  </testcase>
</testsuite>