<?xml version="1.0" encoding="UTF-8"?>
<testsuite xmlns:xsi="http://www.w3.org/2001/XMLSchema-instance" xsi:noNamespaceSchemaLocation="https://maven.apache.org/surefire/maven-surefire-plugin/xsd/surefire-test-report-3.0.xsd" version="3.0" name="com.therealworld.fitschedule.controllers.LoginControllerTest" time="2.478" tests="5" errors="0" skipped="0" failures="0">
  <properties>
[...]
</properties>
  <testcase name="testEmptyUsernameAndPasswordFields" classname="com.therealworld.fitschedule.controllers.LoginControllerTest" time="0.729">
    <system-out><![CDATA[Database URL: jdbc:sqlite:FitScheduleDBConnection.db
Users table created or already exists.
currentSchedule table created or already exists.
Goals table created or already exists.
Badges table created or already exists.
Total_Goals table created or already exists.
User Profile table created or already exists.
'isFitnessEvent' column already exists.
'goal_progress' column already exists.
Fitness events table created or already exists.
Database URL: jdbc:sqlite:FitScheduleDBConnection.db
Users table created or already exists.
currentSchedule table created or already exists.
Goals table created or already exists.
Badges table created or already exists.
Total_Goals table created or already exists.
User Profile table created or already exists.
'isFitnessEvent' column already exists.
'goal_progress' column already exists.
Fitness events table created or already exists.
Database URL: jdbc:sqlite:FitScheduleDBConnection.db
Users table created or already exists.
currentSchedule table created or already exists.
Goals table created or already exists.
Badges table created or already exists.
Total_Goals table created or already exists.
User Profile table created or already exists.
'isFitnessEvent' column already exists.
'goal_progress' column already exists.
Fitness events table created or already exists.
Database URL: jdbc:sqlite:FitScheduleDBConnection.db
Users table created or already exists.
currentSchedule table created or already exists.
Goals table created or already exists.
Badges table created or already exists.
Total_Goals table created or already exists.
User Profile table created or already exists.
'isFitnessEvent' column already exists.
'goal_progress' column already exists.
Fitness events table created or already exists.
Database URL: jdbc:sqlite:FitScheduleDBConnection.db
Users table created or already exists.
currentSchedule table created or already exists.
Goals table created or already exists.
Badges table created or already exists.
Total_Goals table created or already exists.
User Profile table created or already exists.
'isFitnessEvent' column already exists.
'goal_progress' column already exists.
Fitness events table created or already exists.
Database URL: jdbc:sqlite:FitScheduleDBConnection.db
Users table created or already exists.
currentSchedule table created or already exists.
Goals table created or already exists.
Badges table created or already exists.
Total_Goals table created or already exists.
User Profile table created or already exists.
'isFitnessEvent' column already exists.
'goal_progress' column already exists.
Fitness events table created or already exists.
Database URL: jdbc:sqlite:FitScheduleDBConnection.db
Users table created or already exists.
currentSchedule table created or already exists.
Goals table created or already exists.
Badges table created or already exists.
Total_Goals table created or already exists.
User Profile table created or already exists.
'isFitnessEvent' column already exists.
'goal_progress' column already exists.
Fitness events table created or already exists.
Database URL: jdbc:sqlite:FitScheduleDBConnection.db
Users table created or already exists.
currentSchedule table created or already exists.
Goals table created or already exists.
Badges table created or already exists.
Total_Goals table created or already exists.
User Profile table created or already exists.
'isFitnessEvent' column already exists.
'goal_progress' column already exists.
Fitness events table created or already exists.
Database URL: jdbc:sqlite:FitScheduleDBConnection.db
Users table created or already exists.
currentSchedule table created or already exists.
Goals table created or already exists.
Badges table created or already exists.
Total_Goals table created or already exists.
User Profile table created or already exists.
'isFitnessEvent' column already exists.
'goal_progress' column already exists.
Fitness events table created or already exists.
Database URL: jdbc:sqlite:FitScheduleDBConnection.db
Users table created or already exists.
currentSchedule table created or already exists.
Goals table created or already exists.
Badges table created or already exists.
Total_Goals table created or already exists.
User Profile table created or already exists.
'isFitnessEvent' column already exists.
'goal_progress' column already exists.
Fitness events table created or already exists.
Database URL: jdbc:sqlite:FitScheduleDBConnection.db
Users table created or already exists.
currentSchedule table created or already exists.
Goals table created or already exists.
Badges table created or already exists.
Total_Goals table created or already exists.
User Profile table created or already exists.
'isFitnessEvent' column already exists.
'goal_progress' column already exists.
Fitness events table created or already exists.
]]></system-out>
  </testcase>
  <testcase name="testOnlyPasswordFilled" classname="com.therealworld.fitschedule.controllers.LoginControllerTest" time="0.362">
    <system-out><![CDATA[Database URL: jdbc:sqlite:FitScheduleDBConnection.db
Users table created or already exists.
currentSchedule table created or already exists.
Goals table created or already exists.
Badges table created or already exists.
Total_Goals table created or already exists.
User Profile table created or already exists.
'isFitnessEvent' column already exists.
'goal_progress' column already exists.
Fitness events table created or already exists.
]]></system-out>
  </testcase>
  <testcase name="testFailedLogin" classname="com.therealworld.fitschedule.controllers.LoginControllerTest" time="0.36">
    <system-out><![CDATA[Database URL: jdbc:sqlite:FitScheduleDBConnection.db
Users table created or already exists.
currentSchedule table created or already exists.
Goals table created or already exists.
Badges table created or already exists.
Total_Goals table created or already exists.
User Profile table created or already exists.
'isFitnessEvent' column already exists.
'goal_progress' column already exists.
Fitness events table created or already exists.
Login failed. Invalid username or password.
]]></system-out>
  </testcase>
  <testcase name="testSuccessfulLogin" classname="com.therealworld.fitschedule.controllers.LoginControllerTest" time="0.668">
    <system-out><![CDATA[Database URL: jdbc:sqlite:FitScheduleDBConnection.db
Users table created or already exists.
currentSchedule table created or already exists.
Goals table created or already exists.
Badges table created or already exists.
Total_Goals table created or already exists.
User Profile table created or already exists.
'isFitnessEvent' column already exists.
'goal_progress' column already exists.
Fitness events table created or already exists.
Login successful
User ID set in session: 0
Database URL: jdbc:sqlite:FitScheduleDBConnection.db
Users table created or already exists.
currentSchedule table created or already exists.
Goals table created or already exists.
Badges table created or already exists.
Total_Goals table created or already exists.
User Profile table created or already exists.
'isFitnessEvent' column already exists.
'goal_progress' column already exists.
Fitness events table created or already exists.
Weekly schedule table for week 2024-10-21 created or already exists.
Database URL: jdbc:sqlite:FitScheduleDBConnection.db
Users table created or already exists.
currentSchedule table created or already exists.
Goals table created or already exists.
Badges table created or already exists.
Total_Goals table created or already exists.
User Profile table created or already exists.
'isFitnessEvent' column already exists.
'goal_progress' column already exists.
Fitness events table created or already exists.
table weeklySchedule_2024_10_21does exist
]]></system-out>
    <system-err><![CDATA[Error populating time slots: [SQLITE_ERROR] SQL error or missing database (no such table: 2024-10-21)
]]></system-err>
  </testcase>
  <testcase name="testOnlyUsernameFilled" classname="com.therealworld.fitschedule.controllers.LoginControllerTest" time="0.357">
    <system-out><![CDATA[Database URL: jdbc:sqlite:FitScheduleDBConnection.db
Users table created or already exists.
currentSchedule table created or already exists.
Goals table created or already exists.
Badges table created or already exists.
Total_Goals table created or already exists.
User Profile table created or already exists.
'isFitnessEvent' column already exists.
'goal_progress' column already exists.
Fitness events table created or already exists.
]]></system-out>
  </testcase>
</testsuite>